<?xml version="1.0" encoding="UTF-8"?>
<!-- Generated by org.testng.reporters.JUnitXMLReporter -->
<testsuite ignored="0" hostname="MIIND51N15S2" failures="1" tests="2" name="Test" time="15.921" errors="0" timestamp="2022-02-26T13:10:56 IST">
  <testcase classname="ListenerDemo.MySecondTestCase2" name="GoogleTitleVerify" time="15.861"/>
  <testcase classname="ListenerDemo.MySecondTestCase2" name="TitleMatch" time="0.009">
    <failure type="java.lang.AssertionError" message="expected [true] but found [false]">
      <![CDATA[java.lang.AssertionError: expected [true] but found [false]
at ListenerDemo.MySecondTestCase2.TitleMatch(MySecondTestCase2.java:26)
at java.base/java.util.ArrayList.forEach(ArrayList.java:1511)
... Removed 31 stack frames]]>
    </failure>
  </testcase> <!-- TitleMatch -->
</testsuite> <!-- Test -->
